<?xml version="1.0" encoding="UTF-8"?>
<!-- Generated by org.testng.reporters.JUnitReportReporter -->
<testsuite skipped="0" hostname="Nijats-MacBook-Pro.local" name="com.us_spending.tests.PageLoad" tests="1" failures="0" timestamp="13 Mar 2018 22:08:39 GMT" time="0.008" errors="0">
  <testcase name="pageLoad" time="0.008" classname="com.us_spending.tests.PageLoad"/>
</testsuite> <!-- com.us_spending.tests.PageLoad -->
